0 info it worked if it ends with ok
1 verbose cli [ '/usr/bin/nodejs', '/usr/bin/npm', 'install', '-g', 'jasmine' ]
2 info using npm@1.3.10
3 info using node@v0.10.25
4 verbose cache add [ 'jasmine', null ]
5 verbose cache add name=undefined spec="jasmine" args=["jasmine",null]
6 verbose parsed url { protocol: null,
6 verbose parsed url   slashes: null,
6 verbose parsed url   auth: null,
6 verbose parsed url   host: null,
6 verbose parsed url   port: null,
6 verbose parsed url   hostname: null,
6 verbose parsed url   hash: null,
6 verbose parsed url   search: null,
6 verbose parsed url   query: null,
6 verbose parsed url   pathname: 'jasmine',
6 verbose parsed url   path: 'jasmine',
6 verbose parsed url   href: 'jasmine' }
7 silly lockFile 5bfd08bd-jasmine jasmine
8 verbose lock jasmine /home/sigmund/.npm/5bfd08bd-jasmine.lock
9 silly lockFile 5bfd08bd-jasmine jasmine
10 silly lockFile 5bfd08bd-jasmine jasmine
11 verbose addNamed [ 'jasmine', '' ]
12 verbose addNamed [ null, '*' ]
13 silly lockFile fdd358a6-jasmine jasmine@
14 verbose lock jasmine@ /home/sigmund/.npm/fdd358a6-jasmine.lock
15 silly addNameRange { name: 'jasmine', range: '*', hasData: false }
16 verbose url raw jasmine
17 verbose url resolving [ 'https://registry.npmjs.org/', './jasmine' ]
18 verbose url resolved https://registry.npmjs.org/jasmine
19 info trying registry request attempt 1 at 21:12:33
20 http GET https://registry.npmjs.org/jasmine
21 http 200 https://registry.npmjs.org/jasmine
22 silly registry.get cb [ 200,
22 silly registry.get   { server: 'CouchDB/1.5.0 (Erlang OTP/R16B03)',
22 silly registry.get     etag: '"CTJSE2GOUR1SDTZTKBAKCYYFX"',
22 silly registry.get     'content-type': 'application/json',
22 silly registry.get     'cache-control': 'max-age=60',
22 silly registry.get     'content-length': '10422',
22 silly registry.get     'accept-ranges': 'bytes',
22 silly registry.get     date: 'Fri, 08 May 2015 13:12:34 GMT',
22 silly registry.get     via: '1.1 varnish',
22 silly registry.get     age: '0',
22 silly registry.get     connection: 'keep-alive',
22 silly registry.get     'x-served-by': 'cache-hkg6822-HKG',
22 silly registry.get     'x-cache': 'HIT',
22 silly registry.get     'x-cache-hits': '1',
22 silly registry.get     'x-timer': 'S1431090753.614894,VS0,VE682',
22 silly registry.get     vary: 'Accept' } ]
23 silly addNameRange number 2 { name: 'jasmine', range: '*', hasData: true }
24 silly addNameRange versions [ 'jasmine',
24 silly addNameRange   [ '2.0.1', '2.1.0', '2.1.1', '2.2.0', '2.2.1', '2.3.0', '2.3.1' ] ]
25 verbose addNamed [ 'jasmine', '2.3.1' ]
26 verbose addNamed [ '2.3.1', '2.3.1' ]
27 silly lockFile c5df5fbd-jasmine-2-3-1 jasmine@2.3.1
28 verbose lock jasmine@2.3.1 /home/sigmund/.npm/c5df5fbd-jasmine-2-3-1.lock
29 silly lockFile 631afc0a-js-org-jasmine-jasmine-2-3-1-tgz https://registry.npmjs.org/jasmine/-/jasmine-2.3.1.tgz
30 verbose lock https://registry.npmjs.org/jasmine/-/jasmine-2.3.1.tgz /home/sigmund/.npm/631afc0a-js-org-jasmine-jasmine-2-3-1-tgz.lock
31 verbose addRemoteTarball [ 'https://registry.npmjs.org/jasmine/-/jasmine-2.3.1.tgz',
31 verbose addRemoteTarball   '4b2a4923d9c0472f6f66d38a11cca0c6d6070bda' ]
32 info retry fetch attempt 1 at 21:12:34
33 verbose fetch to= /home/sigmund/tmp/npm-1521-BMv52d4a/1431090754607-0.6508729883935302/tmp.tgz
34 http GET https://registry.npmjs.org/jasmine/-/jasmine-2.3.1.tgz
35 http 200 https://registry.npmjs.org/jasmine/-/jasmine-2.3.1.tgz
36 verbose tar unpack /home/sigmund/tmp/npm-1521-BMv52d4a/1431090754607-0.6508729883935302/tmp.tgz
37 silly lockFile 0c28676b-54607-0-6508729883935302-package tar:///home/sigmund/tmp/npm-1521-BMv52d4a/1431090754607-0.6508729883935302/package
38 verbose lock tar:///home/sigmund/tmp/npm-1521-BMv52d4a/1431090754607-0.6508729883935302/package /home/sigmund/.npm/0c28676b-54607-0-6508729883935302-package.lock
39 silly lockFile 2da58853-54607-0-6508729883935302-tmp-tgz tar:///home/sigmund/tmp/npm-1521-BMv52d4a/1431090754607-0.6508729883935302/tmp.tgz
40 verbose lock tar:///home/sigmund/tmp/npm-1521-BMv52d4a/1431090754607-0.6508729883935302/tmp.tgz /home/sigmund/.npm/2da58853-54607-0-6508729883935302-tmp-tgz.lock
41 silly gunzTarPerm modes [ '755', '644' ]
42 silly gunzTarPerm extractEntry package.json
43 silly gunzTarPerm extractEntry README.md
44 silly gunzTarPerm extractEntry Gruntfile.js
45 silly gunzTarPerm extractEntry lib/command.js
46 silly gunzTarPerm extractEntry lib/exit.js
47 silly gunzTarPerm extractEntry lib/jasmine.js
48 silly gunzTarPerm extractEntry lib/printDeprecation.js
49 silly gunzTarPerm extractEntry lib/examples/jasmine.json
50 silly gunzTarPerm extractEntry lib/filters/console_spec_filter.js
51 silly gunzTarPerm extractEntry lib/reporters/console_reporter.js
52 silly gunzTarPerm extractEntry lib/reporters/exit_code_reporter.js
53 silly gunzTarPerm extractEntry bin/jasmine.js
54 silly gunzTarPerm extractEntry .travis.yml
55 silly gunzTarPerm extractEntry .idea/.name
56 silly gunzTarPerm extractEntry .idea/jasmine-npm.iml
57 silly gunzTarPerm extractEntry .idea/jsLibraryMappings.xml
58 silly gunzTarPerm extractEntry .idea/libraries/jasmine_npm_node_modules.xml
59 silly gunzTarPerm extractEntry .idea/misc.xml
60 silly gunzTarPerm extractEntry .idea/modules.xml
61 silly gunzTarPerm extractEntry .idea/vcs.xml
62 silly gunzTarPerm extractEntry .idea/workspace.xml
63 silly gunzTarPerm extractEntry tasks/jasmine.js
64 silly lockFile 0c28676b-54607-0-6508729883935302-package tar:///home/sigmund/tmp/npm-1521-BMv52d4a/1431090754607-0.6508729883935302/package
65 silly lockFile 0c28676b-54607-0-6508729883935302-package tar:///home/sigmund/tmp/npm-1521-BMv52d4a/1431090754607-0.6508729883935302/package
66 silly lockFile 2da58853-54607-0-6508729883935302-tmp-tgz tar:///home/sigmund/tmp/npm-1521-BMv52d4a/1431090754607-0.6508729883935302/tmp.tgz
67 silly lockFile 2da58853-54607-0-6508729883935302-tmp-tgz tar:///home/sigmund/tmp/npm-1521-BMv52d4a/1431090754607-0.6508729883935302/tmp.tgz
68 verbose tar pack [ '/home/sigmund/.npm/jasmine/2.3.1/package.tgz',
68 verbose tar pack   '/home/sigmund/tmp/npm-1521-BMv52d4a/1431090754607-0.6508729883935302/package' ]
69 verbose tarball /home/sigmund/.npm/jasmine/2.3.1/package.tgz
70 verbose folder /home/sigmund/tmp/npm-1521-BMv52d4a/1431090754607-0.6508729883935302/package
71 silly lockFile 0c28676b-54607-0-6508729883935302-package tar:///home/sigmund/tmp/npm-1521-BMv52d4a/1431090754607-0.6508729883935302/package
72 verbose lock tar:///home/sigmund/tmp/npm-1521-BMv52d4a/1431090754607-0.6508729883935302/package /home/sigmund/.npm/0c28676b-54607-0-6508729883935302-package.lock
73 silly lockFile 5eeec7ac-nd-npm-jasmine-2-3-1-package-tgz tar:///home/sigmund/.npm/jasmine/2.3.1/package.tgz
74 verbose lock tar:///home/sigmund/.npm/jasmine/2.3.1/package.tgz /home/sigmund/.npm/5eeec7ac-nd-npm-jasmine-2-3-1-package-tgz.lock
75 silly lockFile 0c28676b-54607-0-6508729883935302-package tar:///home/sigmund/tmp/npm-1521-BMv52d4a/1431090754607-0.6508729883935302/package
76 silly lockFile 0c28676b-54607-0-6508729883935302-package tar:///home/sigmund/tmp/npm-1521-BMv52d4a/1431090754607-0.6508729883935302/package
77 silly lockFile 5eeec7ac-nd-npm-jasmine-2-3-1-package-tgz tar:///home/sigmund/.npm/jasmine/2.3.1/package.tgz
78 silly lockFile 5eeec7ac-nd-npm-jasmine-2-3-1-package-tgz tar:///home/sigmund/.npm/jasmine/2.3.1/package.tgz
79 silly lockFile d49a0bbf-igmund-npm-jasmine-2-3-1-package /home/sigmund/.npm/jasmine/2.3.1/package
80 verbose lock /home/sigmund/.npm/jasmine/2.3.1/package /home/sigmund/.npm/d49a0bbf-igmund-npm-jasmine-2-3-1-package.lock
81 silly lockFile d49a0bbf-igmund-npm-jasmine-2-3-1-package /home/sigmund/.npm/jasmine/2.3.1/package
82 silly lockFile d49a0bbf-igmund-npm-jasmine-2-3-1-package /home/sigmund/.npm/jasmine/2.3.1/package
83 verbose tar unpack /home/sigmund/.npm/jasmine/2.3.1/package.tgz
84 silly lockFile 0d7744be-igmund-npm-jasmine-2-3-1-package tar:///home/sigmund/.npm/jasmine/2.3.1/package
85 verbose lock tar:///home/sigmund/.npm/jasmine/2.3.1/package /home/sigmund/.npm/0d7744be-igmund-npm-jasmine-2-3-1-package.lock
86 silly lockFile 5eeec7ac-nd-npm-jasmine-2-3-1-package-tgz tar:///home/sigmund/.npm/jasmine/2.3.1/package.tgz
87 verbose lock tar:///home/sigmund/.npm/jasmine/2.3.1/package.tgz /home/sigmund/.npm/5eeec7ac-nd-npm-jasmine-2-3-1-package-tgz.lock
88 silly gunzTarPerm modes [ '755', '644' ]
89 silly gunzTarPerm extractEntry package.json
90 silly gunzTarPerm extractEntry README.md
91 silly gunzTarPerm extractEntry Gruntfile.js
92 silly gunzTarPerm extractEntry .idea/.name
93 silly gunzTarPerm extractEntry .idea/jasmine-npm.iml
94 silly gunzTarPerm extractEntry .idea/jsLibraryMappings.xml
95 silly gunzTarPerm extractEntry .idea/libraries/jasmine_npm_node_modules.xml
96 silly gunzTarPerm extractEntry .idea/misc.xml
97 silly gunzTarPerm extractEntry .idea/modules.xml
98 silly gunzTarPerm extractEntry .idea/vcs.xml
99 silly gunzTarPerm extractEntry .idea/workspace.xml
100 silly gunzTarPerm extractEntry .travis.yml
101 silly gunzTarPerm extractEntry bin/jasmine.js
102 silly gunzTarPerm extractEntry lib/command.js
103 silly gunzTarPerm extractEntry lib/exit.js
104 silly gunzTarPerm extractEntry lib/jasmine.js
105 silly gunzTarPerm extractEntry lib/printDeprecation.js
106 silly gunzTarPerm extractEntry lib/examples/jasmine.json
107 silly gunzTarPerm extractEntry lib/filters/console_spec_filter.js
108 silly gunzTarPerm extractEntry lib/reporters/console_reporter.js
109 silly gunzTarPerm extractEntry lib/reporters/exit_code_reporter.js
110 silly gunzTarPerm extractEntry tasks/jasmine.js
111 silly lockFile 0d7744be-igmund-npm-jasmine-2-3-1-package tar:///home/sigmund/.npm/jasmine/2.3.1/package
112 silly lockFile 0d7744be-igmund-npm-jasmine-2-3-1-package tar:///home/sigmund/.npm/jasmine/2.3.1/package
113 silly lockFile 5eeec7ac-nd-npm-jasmine-2-3-1-package-tgz tar:///home/sigmund/.npm/jasmine/2.3.1/package.tgz
114 silly lockFile 5eeec7ac-nd-npm-jasmine-2-3-1-package-tgz tar:///home/sigmund/.npm/jasmine/2.3.1/package.tgz
115 verbose chmod /home/sigmund/.npm/jasmine/2.3.1/package.tgz 644
116 verbose chown /home/sigmund/.npm/jasmine/2.3.1/package.tgz [ 1000, 1000 ]
117 silly lockFile 631afc0a-js-org-jasmine-jasmine-2-3-1-tgz https://registry.npmjs.org/jasmine/-/jasmine-2.3.1.tgz
118 silly lockFile 631afc0a-js-org-jasmine-jasmine-2-3-1-tgz https://registry.npmjs.org/jasmine/-/jasmine-2.3.1.tgz
119 silly lockFile c5df5fbd-jasmine-2-3-1 jasmine@2.3.1
120 silly lockFile c5df5fbd-jasmine-2-3-1 jasmine@2.3.1
121 silly lockFile fdd358a6-jasmine jasmine@
122 silly lockFile fdd358a6-jasmine jasmine@
123 silly resolved [ { name: 'jasmine',
123 silly resolved     description: 'Command line jasmine',
123 silly resolved     homepage: 'http://jasmine.github.io/',
123 silly resolved     keywords: [ 'test', 'jasmine', 'tdd', 'bdd' ],
123 silly resolved     license: 'MIT',
123 silly resolved     version: '2.3.1',
123 silly resolved     repository: { type: 'git', url: 'https://github.com/jasmine/jasmine-npm' },
123 silly resolved     scripts: { test: './node_modules/.bin/grunt && ./bin/jasmine.js' },
123 silly resolved     dependencies: { exit: '^0.1.2', glob: '^3.2.11', 'jasmine-core': '~2.3.0' },
123 silly resolved     bin: { jasmine: './bin/jasmine.js' },
123 silly resolved     main: './lib/jasmine.js',
123 silly resolved     devDependencies:
123 silly resolved      { grunt: '^0.4.2',
123 silly resolved        'grunt-cli': '^0.1.13',
123 silly resolved        'grunt-contrib-jshint': '^0.11.0',
123 silly resolved        shelljs: '^0.3.0' },
123 silly resolved     readme: '[![Build Status](https://travis-ci.org/jasmine/jasmine-npm.png?branch=master)](https://travis-ci.org/jasmine/jasmine-npm)\n\n# The Jasmine Module\n\nThe [Jasmine](https://github.com/jasmine/jasmine) module is a package of helper code for developing Jasmine projects for Node.js.\n\n## Contents\n\nThis module allows you to run Jasmine specs for your Node.js code. The output will be displayed in your terminal.\n\n## Installation\n\n`npm install -g jasmine`\n\n## Initializing\n\nTo initialize a project for Jasmine\n\n`jasmine init`\n\nTo seed your project with some examples\n\n`jasmine examples`\n\n## Usage\n\nTo run your test suite\n\n`jasmine`\n\n## Configuration\n\nCustomize `spec/support/jasmine.json` to enumerate the source and spec files you would like the Jasmine runner to include.\nYou may use dir glob strings.\n\nAlternatively, you may specify the path to your `jasmine.json` by setting an environment variable:\n\n`jasmine JASMINE_CONFIG_PATH=relative/path/to/your/jasmine.json`\n\n## Support\n\nJasmine Mailing list: [jasmine-js@googlegroups.com](mailto:jasmine-js@googlegroups.com)\nTwitter: [@jasminebdd](http://twitter.com/jasminebdd)\n\nPlease file issues here at Github\n\nCopyright (c) 2008-2013 Pivotal Labs. This software is licensed under the MIT License.\n',
123 silly resolved     readmeFilename: 'README.md',
123 silly resolved     bugs: { url: 'https://github.com/jasmine/jasmine-npm/issues' },
123 silly resolved     _id: 'jasmine@2.3.1',
123 silly resolved     dist: { shasum: 'c49868f0c8ce7b6839adaf74c49e67538e4ace1b' },
123 silly resolved     _from: 'jasmine@',
123 silly resolved     _resolved: 'https://registry.npmjs.org/jasmine/-/jasmine-2.3.1.tgz' } ]
124 info install jasmine@2.3.1 into /usr/local/lib
125 info installOne jasmine@2.3.1
126 info /usr/local/lib/node_modules/jasmine unbuild
127 verbose tar unpack /home/sigmund/.npm/jasmine/2.3.1/package.tgz
128 silly lockFile e079703c-r-local-lib-node-modules-jasmine tar:///usr/local/lib/node_modules/jasmine
129 verbose lock tar:///usr/local/lib/node_modules/jasmine /home/sigmund/.npm/e079703c-r-local-lib-node-modules-jasmine.lock
130 silly lockFile 5eeec7ac-nd-npm-jasmine-2-3-1-package-tgz tar:///home/sigmund/.npm/jasmine/2.3.1/package.tgz
131 verbose lock tar:///home/sigmund/.npm/jasmine/2.3.1/package.tgz /home/sigmund/.npm/5eeec7ac-nd-npm-jasmine-2-3-1-package-tgz.lock
132 silly gunzTarPerm modes [ '755', '644' ]
133 error Error: EACCES, mkdir '/usr/local/lib/node_modules/jasmine'
133 error  { [Error: EACCES, mkdir '/usr/local/lib/node_modules/jasmine']
133 error   errno: 3,
133 error   code: 'EACCES',
133 error   path: '/usr/local/lib/node_modules/jasmine',
133 error   fstream_type: 'Directory',
133 error   fstream_path: '/usr/local/lib/node_modules/jasmine',
133 error   fstream_class: 'DirWriter',
133 error   fstream_stack:
133 error    [ '/usr/lib/nodejs/fstream/lib/dir-writer.js:36:23',
133 error      '/usr/lib/nodejs/mkdirp/index.js:37:53',
133 error      'Object.oncomplete (fs.js:107:15)' ] }
134 error Please try running this command again as root/Administrator.
135 error System Linux 3.13.0-52-generic
136 error command "/usr/bin/nodejs" "/usr/bin/npm" "install" "-g" "jasmine"
137 error cwd /home/sigmund/Projects/jscore.exploretalent.com
138 error node -v v0.10.25
139 error npm -v 1.3.10
140 error path /usr/local/lib/node_modules/jasmine
141 error fstream_path /usr/local/lib/node_modules/jasmine
142 error fstream_type Directory
143 error fstream_class DirWriter
144 error code EACCES
145 error errno 3
146 error stack Error: EACCES, mkdir '/usr/local/lib/node_modules/jasmine'
147 error fstream_stack /usr/lib/nodejs/fstream/lib/dir-writer.js:36:23
147 error fstream_stack /usr/lib/nodejs/mkdirp/index.js:37:53
147 error fstream_stack Object.oncomplete (fs.js:107:15)
148 verbose exit [ 3, true ]
